<?xml version="1.0" encoding="UTF-8"?>
<!-- Generated by org.testng.reporters.JUnitXMLReporter -->
<testsuite hostname="5CD138MBF9" ignored="0" name="Test" tests="1" failures="1" timestamp="2022-04-14T11:07:26 IST" time="66.478" errors="0">
  <testcase name="validateAllMainModule" time="48.091" classname="com.ApiDemo.ValidateAPIDemoHomePage">
    <failure type="java.lang.AssertionError" message="expected [true] but found [false]">
      <![CDATA[java.lang.AssertionError: expected [true] but found [false]
at com.ApiDemo.ValidateAPIDemoHomePage.validateAllMainModule(ValidateAPIDemoHomePage.java:18)
at java.util.ArrayList.forEach(ArrayList.java:1259)
... Removed 37 stack frames]]>
    </failure>
  </testcase> <!-- validateAllMainModule -->
</testsuite> <!-- Test -->
