-------------------------------------------------------------------------------
Test set: TestSuite
-------------------------------------------------------------------------------
Tests run: 1, Failures: 1, Errors: 0, Skipped: 0, Time elapsed: 74.534 s <<< FAILURE! - in TestSuite
com.ApiDemo.ValidateAPIDemoHomePage.validateAllMainModule  Time elapsed: 48.234 s  <<< FAILURE!
java.lang.AssertionError: expected [true] but found [false]
	at com.ApiDemo.ValidateAPIDemoHomePage.validateAllMainModule(ValidateAPIDemoHomePage.java:18)

