<?xml version="1.0" encoding="UTF-8"?>
<testsuite xmlns:xsi="http://www.w3.org/2001/XMLSchema-instance" xsi:noNamespaceSchemaLocation="https://maven.apache.org/surefire/maven-surefire-plugin/xsd/surefire-test-report-3.0.xsd" version="3.0" name="TestSuite" time="67.851" tests="1" errors="0" skipped="0" failures="1">
  <properties>
[...]
</properties>
  <testcase name="validateAllMainModule" classname="com.ApiDemo.ValidateAPIDemoHomePage" time="48.099">
    <failure message="expected [true] but found [false]" type="java.lang.AssertionError"><![CDATA[java.lang.AssertionError: expected [true] but found [false]
	at com.ApiDemo.ValidateAPIDemoHomePage.validateAllMainModule(ValidateAPIDemoHomePage.java:18)
]]></failure>
    <system-out><![CDATA[...
... TestNG 7.4.0 by Cédric Beust (cedric@beust.com)
...

 INFO [main] (BaseClass.java:52)- @BeforeSuite Method has been completed
 INFO [main] (BaseClass.java:60)- App launched
 INFO [main] (Utility.java:242)- Clicked on Access'ibility
 INFO [main] (Utility.java:274)- Clicked on back button
 INFO [main] (Utility.java:242)- Clicked on Accessibility
 INFO [main] (Utility.java:274)- Clicked on back button
 INFO [main] (Utility.java:242)- Clicked on Animation
 INFO [main] (Utility.java:274)- Clicked on back button
 INFO [main] (Utility.java:242)- Clicked on App
 INFO [main] (Utility.java:274)- Clicked on back button
 INFO [main] (Utility.java:242)- Clicked on Content
 INFO [main] (Utility.java:274)- Clicked on back button
 INFO [main] (Utility.java:242)- Clicked on Graphics
 INFO [main] (Utility.java:274)- Clicked on back button
 INFO [main] (Utility.java:242)- Clicked on Media
 INFO [main] (Utility.java:274)- Clicked on back button
 INFO [main] (Utility.java:242)- Clicked on NFC
 INFO [main] (Utility.java:274)- Clicked on back button
 INFO [main] (Utility.java:242)- Clicked on OS
 INFO [main] (Utility.java:274)- Clicked on back button
 INFO [main] (Utility.java:242)- Clicked on Preference
 INFO [main] (Utility.java:274)- Clicked on back button
 INFO [main] (Utility.java:242)- Clicked on Text
 INFO [main] (Utility.java:274)- Clicked on back button
 INFO [main] (Utility.java:242)- Clicked on Views
 INFO [main] (Utility.java:274)- Clicked on back button
]]></system-out>
    <system-err><![CDATA[SLF4J: Failed to load class "org.slf4j.impl.StaticLoggerBinder".
SLF4J: Defaulting to no-operation (NOP) logger implementation
SLF4J: See http://www.slf4j.org/codes.html#StaticLoggerBinder for further details.
Apr 14, 2022 11:06:32 AM io.appium.java_client.remote.AppiumCommandExecutor$1 lambda$0
INFO: Detected dialect: W3C
]]></system-err>
  </testcase>
</testsuite>