<?xml version="1.0" encoding="UTF-8"?>
<testng-results skipped="0" failed="0" ignored="0" total="1" passed="1">
  <reporter-output>
  </reporter-output>
  <suite name="Default suite" duration-ms="92507" started-at="2023-01-27T16:40:45 IST" finished-at="2023-01-27T16:42:17 IST">
    <groups>
    </groups>
    <test name="Default test" duration-ms="92507" started-at="2023-01-27T16:40:45 IST" finished-at="2023-01-27T16:42:17 IST">
      <class name="com.ApiDemo.ValidateAPIDemoHomePage">
        <test-method status="PASS" signature="setReport()[pri:0, instance:com.ApiDemo.ValidateAPIDemoHomePage@133e16fd]" name="setReport" is-config="true" duration-ms="162" started-at="2023-01-27T16:40:45 IST" finished-at="2023-01-27T16:40:45 IST">
          <reporter-output>
          </reporter-output>
        </test-method> <!-- setReport -->
        <test-method status="PASS" signature="setUp(java.lang.reflect.Method)[pri:0, instance:com.ApiDemo.ValidateAPIDemoHomePage@133e16fd]" name="setUp" is-config="true" duration-ms="40058" started-at="2023-01-27T16:40:45 IST" finished-at="2023-01-27T16:41:25 IST">
          <params>
            <param index="0">
              <value>
                <![CDATA[public void com.ApiDemo.ValidateAPIDemoHomePage.validateAllMainModule()]]>
              </value>
            </param>
          </params>
          <reporter-output>
          </reporter-output>
        </test-method> <!-- setUp -->
        <test-method status="PASS" signature="validateAllMainModule()[pri:0, instance:com.ApiDemo.ValidateAPIDemoHomePage@133e16fd]" name="validateAllMainModule" duration-ms="51034" started-at="2023-01-27T16:41:25 IST" finished-at="2023-01-27T16:42:16 IST">
          <reporter-output>
          </reporter-output>
        </test-method> <!-- validateAllMainModule -->
        <test-method status="PASS" signature="closeAndroid(org.testng.ITestResult)[pri:0, instance:com.ApiDemo.ValidateAPIDemoHomePage@133e16fd]" name="closeAndroid" is-config="true" duration-ms="1304" started-at="2023-01-27T16:42:16 IST" finished-at="2023-01-27T16:42:17 IST">
          <params>
            <param index="0">
              <value>
                <![CDATA[[TestResult name=validateAllMainModule status=SUCCESS method=ValidateAPIDemoHomePage.validateAllMainModule()[pri:0, instance:com.ApiDemo.ValidateAPIDemoHomePage@133e16fd] output={null}]]]>
              </value>
            </param>
          </params>
          <reporter-output>
          </reporter-output>
        </test-method> <!-- closeAndroid -->
        <test-method status="PASS" signature="closeServer()[pri:0, instance:com.ApiDemo.ValidateAPIDemoHomePage@133e16fd]" name="closeServer" is-config="true" duration-ms="52" started-at="2023-01-27T16:42:17 IST" finished-at="2023-01-27T16:42:17 IST">
          <reporter-output>
          </reporter-output>
        </test-method> <!-- closeServer -->
        <test-method status="PASS" signature="closeExtentReport()[pri:0, instance:com.ApiDemo.ValidateAPIDemoHomePage@133e16fd]" name="closeExtentReport" is-config="true" duration-ms="412" started-at="2023-01-27T16:42:18 IST" finished-at="2023-01-27T16:42:18 IST">
          <reporter-output>
          </reporter-output>
        </test-method> <!-- closeExtentReport -->
      </class> <!-- com.ApiDemo.ValidateAPIDemoHomePage -->
    </test> <!-- Default test -->
  </suite> <!-- Default suite -->
</testng-results>
